{"/Users/chenyz/dev_work/agents/wechat-ai-cli/src/api.ts": {"path":"/Users/chenyz/dev_work/agents/wechat-ai-cli/src/api.ts","all":false,"statementMap":{"0":{"start":{"line":1,"column":0},"end":{"line":1,"column":3}},"21":{"start":{"line":22,"column":0},"end":{"line":22,"column":63}},"23":{"start":{"line":24,"column":0},"end":{"line":24,"column":38}},"26":{"start":{"line":27,"column":0},"end":{"line":27,"column":37}},"27":{"start":{"line":28,"column":0},"end":{"line":28,"column":25}},"28":{"start":{"line":29,"column":0},"end":{"line":29,"column":24}},"29":{"start":{"line":30,"column":0},"end":{"line":30,"column":28}},"31":{"start":{"line":32,"column":0},"end":{"line":32,"column":95}},"32":{"start":{"line":33,"column":0},"end":{"line":33,"column":18}},"33":{"start":{"line":34,"column":0},"end":{"line":34,"column":26}},"34":{"start":{"line":35,"column":0},"end":{"line":35,"column":32}},"35":{"start":{"line":36,"column":0},"end":{"line":36,"column":28}},"36":{"start":{"line":37,"column":0},"end":{"line":37,"column":34}},"37":{"start":{"line":38,"column":0},"end":{"line":38,"column":3}},"38":{"start":{"line":39,"column":0},"end":{"line":39,"column":1}},"41":{"start":{"line":42,"column":0},"end":{"line":42,"column":52}},"42":{"start":{"line":43,"column":0},"end":{"line":43,"column":36}},"43":{"start":{"line":44,"column":0},"end":{"line":44,"column":1}},"46":{"start":{"line":47,"column":0},"end":{"line":47,"column":36}},"47":{"start":{"line":48,"column":0},"end":{"line":48,"column":45}},"48":{"start":{"line":49,"column":0},"end":{"line":49,"column":1}},"51":{"start":{"line":52,"column":0},"end":{"line":52,"column":84}},"52":{"start":{"line":53,"column":0},"end":{"line":53,"column":36}},"53":{"start":{"line":54,"column":0},"end":{"line":54,"column":58}},"55":{"start":{"line":56,"column":0},"end":{"line":56,"column":21}},"56":{"start":{"line":57,"column":0},"end":{"line":57,"column":117}},"57":{"start":{"line":58,"column":0},"end":{"line":58,"column":33}},"58":{"start":{"line":59,"column":0},"end":{"line":59,"column":30}},"59":{"start":{"line":60,"column":0},"end":{"line":60,"column":62}},"60":{"start":{"line":61,"column":0},"end":{"line":61,"column":14}},"61":{"start":{"line":62,"column":0},"end":{"line":62,"column":6}},"62":{"start":{"line":63,"column":0},"end":{"line":63,"column":3}},"64":{"start":{"line":65,"column":0},"end":{"line":65,"column":112}},"65":{"start":{"line":66,"column":0},"end":{"line":66,"column":78}},"66":{"start":{"line":67,"column":0},"end":{"line":67,"column":58}},"67":{"start":{"line":68,"column":0},"end":{"line":68,"column":30}},"68":{"start":{"line":69,"column":0},"end":{"line":69,"column":37}},"69":{"start":{"line":70,"column":0},"end":{"line":70,"column":14}},"70":{"start":{"line":71,"column":0},"end":{"line":71,"column":6}},"71":{"start":{"line":72,"column":0},"end":{"line":72,"column":3}},"73":{"start":{"line":74,"column":0},"end":{"line":74,"column":16}},"74":{"start":{"line":75,"column":0},"end":{"line":75,"column":1}},"77":{"start":{"line":78,"column":0},"end":{"line":78,"column":43}},"78":{"start":{"line":79,"column":0},"end":{"line":79,"column":46}},"79":{"start":{"line":80,"column":0},"end":{"line":80,"column":62}},"80":{"start":{"line":81,"column":0},"end":{"line":81,"column":1}},"83":{"start":{"line":84,"column":0},"end":{"line":84,"column":69}},"84":{"start":{"line":85,"column":0},"end":{"line":85,"column":10}},"85":{"start":{"line":86,"column":0},"end":{"line":86,"column":39}},"86":{"start":{"line":87,"column":0},"end":{"line":87,"column":41}},"87":{"start":{"line":88,"column":0},"end":{"line":88,"column":37}},"88":{"start":{"line":89,"column":0},"end":{"line":89,"column":38}},"89":{"start":{"line":90,"column":0},"end":{"line":90,"column":3}},"90":{"start":{"line":91,"column":0},"end":{"line":91,"column":1}},"93":{"start":{"line":94,"column":0},"end":{"line":94,"column":34}},"94":{"start":{"line":95,"column":0},"end":{"line":95,"column":18}},"95":{"start":{"line":96,"column":0},"end":{"line":96,"column":19}},"96":{"start":{"line":97,"column":0},"end":{"line":97,"column":16}},"97":{"start":{"line":98,"column":0},"end":{"line":98,"column":16}},"98":{"start":{"line":99,"column":0},"end":{"line":99,"column":21}},"99":{"start":{"line":100,"column":0},"end":{"line":100,"column":23}},"100":{"start":{"line":101,"column":0},"end":{"line":101,"column":15}},"101":{"start":{"line":102,"column":0},"end":{"line":102,"column":64}},"102":{"start":{"line":103,"column":0},"end":{"line":103,"column":54}},"103":{"start":{"line":104,"column":0},"end":{"line":104,"column":89}},"104":{"start":{"line":105,"column":0},"end":{"line":105,"column":37}},"105":{"start":{"line":106,"column":0},"end":{"line":106,"column":19}},"106":{"start":{"line":107,"column":0},"end":{"line":107,"column":33}},"107":{"start":{"line":108,"column":0},"end":{"line":108,"column":31}},"108":{"start":{"line":109,"column":0},"end":{"line":109,"column":26}},"109":{"start":{"line":110,"column":0},"end":{"line":110,"column":4}},"111":{"start":{"line":112,"column":0},"end":{"line":112,"column":49}},"112":{"start":{"line":113,"column":0},"end":{"line":113,"column":1}},"115":{"start":{"line":116,"column":0},"end":{"line":116,"column":32}},"116":{"start":{"line":117,"column":0},"end":{"line":117,"column":18}},"117":{"start":{"line":118,"column":0},"end":{"line":118,"column":15}},"118":{"start":{"line":119,"column":0},"end":{"line":119,"column":39}},"119":{"start":{"line":120,"column":0},"end":{"line":120,"column":15}},"120":{"start":{"line":121,"column":0},"end":{"line":121,"column":60}},"121":{"start":{"line":122,"column":0},"end":{"line":122,"column":37}},"122":{"start":{"line":123,"column":0},"end":{"line":123,"column":18}},"123":{"start":{"line":124,"column":0},"end":{"line":124,"column":12}},"124":{"start":{"line":125,"column":0},"end":{"line":125,"column":4}},"126":{"start":{"line":127,"column":0},"end":{"line":127,"column":45}},"127":{"start":{"line":128,"column":0},"end":{"line":128,"column":1}},"130":{"start":{"line":131,"column":0},"end":{"line":131,"column":33}},"131":{"start":{"line":132,"column":0},"end":{"line":132,"column":18}},"132":{"start":{"line":133,"column":0},"end":{"line":133,"column":16}},"133":{"start":{"line":134,"column":0},"end":{"line":134,"column":14}},"134":{"start":{"line":135,"column":0},"end":{"line":135,"column":23}},"135":{"start":{"line":136,"column":0},"end":{"line":136,"column":28}},"136":{"start":{"line":137,"column":0},"end":{"line":137,"column":31}},"137":{"start":{"line":138,"column":0},"end":{"line":138,"column":25}},"138":{"start":{"line":139,"column":0},"end":{"line":139,"column":31}},"139":{"start":{"line":140,"column":0},"end":{"line":140,"column":3}},"141":{"start":{"line":142,"column":0},"end":{"line":142,"column":96}},"142":{"start":{"line":143,"column":0},"end":{"line":143,"column":1}},"145":{"start":{"line":146,"column":0},"end":{"line":146,"column":34}},"146":{"start":{"line":147,"column":0},"end":{"line":147,"column":18}},"147":{"start":{"line":148,"column":0},"end":{"line":148,"column":16}},"148":{"start":{"line":149,"column":0},"end":{"line":149,"column":29}},"149":{"start":{"line":150,"column":0},"end":{"line":150,"column":37}},"150":{"start":{"line":151,"column":0},"end":{"line":151,"column":43}},"151":{"start":{"line":152,"column":0},"end":{"line":152,"column":12}},"152":{"start":{"line":153,"column":0},"end":{"line":153,"column":29}},"153":{"start":{"line":154,"column":0},"end":{"line":154,"column":5}},"154":{"start":{"line":155,"column":0},"end":{"line":155,"column":10}},"155":{"start":{"line":156,"column":0},"end":{"line":156,"column":33}},"156":{"start":{"line":157,"column":0},"end":{"line":157,"column":6}},"157":{"start":{"line":158,"column":0},"end":{"line":158,"column":10}},"158":{"start":{"line":159,"column":0},"end":{"line":159,"column":11}},"159":{"start":{"line":160,"column":0},"end":{"line":160,"column":3}},"160":{"start":{"line":161,"column":0},"end":{"line":161,"column":1}},"163":{"start":{"line":164,"column":0},"end":{"line":164,"column":32}},"164":{"start":{"line":165,"column":0},"end":{"line":165,"column":18}},"165":{"start":{"line":166,"column":0},"end":{"line":166,"column":16}},"166":{"start":{"line":167,"column":0},"end":{"line":167,"column":17}},"167":{"start":{"line":168,"column":0},"end":{"line":168,"column":23}},"168":{"start":{"line":169,"column":0},"end":{"line":169,"column":27}},"169":{"start":{"line":170,"column":0},"end":{"line":170,"column":33}},"170":{"start":{"line":171,"column":0},"end":{"line":171,"column":12}},"171":{"start":{"line":172,"column":0},"end":{"line":172,"column":27}},"172":{"start":{"line":173,"column":0},"end":{"line":173,"column":5}},"173":{"start":{"line":174,"column":0},"end":{"line":174,"column":28}},"174":{"start":{"line":175,"column":0},"end":{"line":175,"column":34}},"175":{"start":{"line":176,"column":0},"end":{"line":176,"column":33}},"176":{"start":{"line":177,"column":0},"end":{"line":177,"column":6}},"177":{"start":{"line":178,"column":0},"end":{"line":178,"column":10}},"178":{"start":{"line":179,"column":0},"end":{"line":179,"column":11}},"179":{"start":{"line":180,"column":0},"end":{"line":180,"column":3}},"180":{"start":{"line":181,"column":0},"end":{"line":181,"column":1}},"183":{"start":{"line":184,"column":0},"end":{"line":184,"column":33}},"184":{"start":{"line":185,"column":0},"end":{"line":185,"column":18}},"185":{"start":{"line":186,"column":0},"end":{"line":186,"column":16}},"186":{"start":{"line":187,"column":0},"end":{"line":187,"column":17}},"187":{"start":{"line":188,"column":0},"end":{"line":188,"column":17}},"188":{"start":{"line":189,"column":0},"end":{"line":189,"column":34}},"189":{"start":{"line":190,"column":0},"end":{"line":190,"column":37}},"190":{"start":{"line":191,"column":0},"end":{"line":191,"column":31}},"191":{"start":{"line":192,"column":0},"end":{"line":192,"column":26}},"192":{"start":{"line":193,"column":0},"end":{"line":193,"column":26}},"193":{"start":{"line":194,"column":0},"end":{"line":194,"column":11}},"194":{"start":{"line":195,"column":0},"end":{"line":195,"column":31}},"195":{"start":{"line":196,"column":0},"end":{"line":196,"column":3}},"197":{"start":{"line":198,"column":0},"end":{"line":198,"column":97}},"198":{"start":{"line":199,"column":0},"end":{"line":199,"column":1}},"201":{"start":{"line":202,"column":0},"end":{"line":202,"column":77}},"202":{"start":{"line":203,"column":0},"end":{"line":203,"column":80}},"203":{"start":{"line":204,"column":0},"end":{"line":204,"column":1}},"206":{"start":{"line":207,"column":0},"end":{"line":207,"column":96}},"207":{"start":{"line":208,"column":0},"end":{"line":208,"column":34}},"208":{"start":{"line":209,"column":0},"end":{"line":209,"column":12}},"209":{"start":{"line":210,"column":0},"end":{"line":210,"column":72}},"210":{"start":{"line":211,"column":0},"end":{"line":211,"column":5}},"211":{"start":{"line":212,"column":0},"end":{"line":212,"column":37}},"212":{"start":{"line":213,"column":0},"end":{"line":213,"column":6}},"213":{"start":{"line":214,"column":0},"end":{"line":214,"column":3}},"214":{"start":{"line":215,"column":0},"end":{"line":215,"column":1}},"217":{"start":{"line":218,"column":0},"end":{"line":218,"column":109}},"218":{"start":{"line":219,"column":0},"end":{"line":219,"column":10}},"219":{"start":{"line":220,"column":0},"end":{"line":220,"column":21}},"220":{"start":{"line":221,"column":0},"end":{"line":221,"column":23}},"221":{"start":{"line":222,"column":0},"end":{"line":222,"column":28}},"222":{"start":{"line":223,"column":0},"end":{"line":223,"column":34}},"223":{"start":{"line":224,"column":0},"end":{"line":224,"column":39}},"224":{"start":{"line":225,"column":0},"end":{"line":225,"column":32}},"225":{"start":{"line":226,"column":0},"end":{"line":226,"column":16}},"226":{"start":{"line":227,"column":0},"end":{"line":227,"column":7}},"227":{"start":{"line":228,"column":0},"end":{"line":228,"column":35}},"228":{"start":{"line":229,"column":0},"end":{"line":229,"column":28}},"229":{"start":{"line":230,"column":0},"end":{"line":230,"column":8}},"230":{"start":{"line":231,"column":0},"end":{"line":231,"column":6}},"231":{"start":{"line":232,"column":0},"end":{"line":232,"column":3}},"232":{"start":{"line":233,"column":0},"end":{"line":233,"column":1}}},"s":{"0":1,"21":1,"23":1,"26":1,"27":4,"28":4,"29":4,"31":4,"32":4,"33":4,"34":4,"35":4,"36":4,"37":4,"38":4,"41":22,"42":22,"43":22,"46":4,"47":4,"48":4,"51":21,"52":21,"53":21,"55":21,"56":1,"57":1,"58":1,"59":1,"60":1,"61":1,"62":1,"64":21,"65":1,"66":1,"67":1,"68":1,"69":1,"70":1,"71":1,"73":19,"74":19,"77":1,"78":13,"79":13,"80":13,"83":1,"84":10,"85":10,"86":10,"87":10,"88":10,"89":10,"90":10,"93":9,"94":9,"95":9,"96":9,"97":9,"98":9,"99":9,"100":9,"101":9,"102":9,"103":9,"104":9,"105":9,"106":9,"107":9,"108":9,"109":9,"111":8,"112":8,"115":13,"116":13,"117":13,"118":13,"119":13,"120":13,"121":13,"122":13,"123":13,"124":13,"126":13,"127":13,"130":1,"131":1,"132":1,"133":1,"134":1,"135":1,"136":1,"137":1,"138":1,"139":1,"141":1,"142":1,"145":1,"146":1,"147":1,"148":1,"149":1,"150":1,"151":1,"152":1,"153":1,"154":1,"155":1,"156":1,"157":1,"158":1,"159":1,"160":1,"163":1,"164":1,"165":1,"166":1,"167":1,"168":1,"169":1,"170":1,"171":1,"172":1,"173":1,"174":1,"175":1,"176":1,"177":1,"178":1,"179":1,"180":1,"183":1,"184":1,"185":1,"186":1,"187":1,"188":1,"189":1,"190":1,"191":1,"192":1,"193":1,"194":1,"195":1,"197":1,"198":1,"201":5,"202":5,"203":5,"206":6,"207":6,"208":6,"209":6,"210":6,"211":6,"212":6,"213":6,"214":6,"217":1,"218":1,"219":1,"220":1,"221":1,"222":1,"223":1,"224":1,"225":1,"226":1,"227":1,"228":1,"229":1,"230":1,"231":1,"232":1},"branchMap":{"0":{"type":"branch","line":27,"loc":{"start":{"line":27,"column":36},"end":{"line":39,"column":1}},"locations":[{"start":{"line":27,"column":36},"end":{"line":39,"column":1}}]},"1":{"type":"branch","line":32,"loc":{"start":{"line":32,"column":2},"end":{"line":38,"column":3}},"locations":[{"start":{"line":32,"column":2},"end":{"line":38,"column":3}}]},"2":{"type":"branch","line":42,"loc":{"start":{"line":42,"column":0},"end":{"line":44,"column":1}},"locations":[{"start":{"line":42,"column":0},"end":{"line":44,"column":1}}]},"3":{"type":"branch","line":47,"loc":{"start":{"line":47,"column":0},"end":{"line":49,"column":1}},"locations":[{"start":{"line":47,"column":0},"end":{"line":49,"column":1}}]},"4":{"type":"branch","line":52,"loc":{"start":{"line":52,"column":0},"end":{"line":75,"column":1}},"locations":[{"start":{"line":52,"column":0},"end":{"line":75,"column":1}}]},"5":{"type":"branch","line":54,"loc":{"start":{"line":54,"column":18},"end":{"line":54,"column":50}},"locations":[{"start":{"line":54,"column":18},"end":{"line":54,"column":50}}]},"6":{"type":"branch","line":54,"loc":{"start":{"line":54,"column":40},"end":{"line":54,"column":58}},"locations":[{"start":{"line":54,"column":40},"end":{"line":54,"column":58}}]},"7":{"type":"branch","line":56,"loc":{"start":{"line":56,"column":20},"end":{"line":63,"column":3}},"locations":[{"start":{"line":56,"column":20},"end":{"line":63,"column":3}}]},"8":{"type":"branch","line":57,"loc":{"start":{"line":57,"column":61},"end":{"line":57,"column":117}},"locations":[{"start":{"line":57,"column":61},"end":{"line":57,"column":117}}]},"9":{"type":"branch","line":63,"loc":{"start":{"line":63,"column":2},"end":{"line":65,"column":59}},"locations":[{"start":{"line":63,"column":2},"end":{"line":65,"column":59}}]},"10":{"type":"branch","line":65,"loc":{"start":{"line":65,"column":59},"end":{"line":65,"column":111}},"locations":[{"start":{"line":65,"column":59},"end":{"line":65,"column":111}}]},"11":{"type":"branch","line":65,"loc":{"start":{"line":65,"column":111},"end":{"line":72,"column":3}},"locations":[{"start":{"line":65,"column":111},"end":{"line":72,"column":3}}]},"12":{"type":"branch","line":67,"loc":{"start":{"line":67,"column":28},"end":{"line":67,"column":57}},"locations":[{"start":{"line":67,"column":28},"end":{"line":67,"column":57}}]},"13":{"type":"branch","line":72,"loc":{"start":{"line":72,"column":2},"end":{"line":75,"column":1}},"locations":[{"start":{"line":72,"column":2},"end":{"line":75,"column":1}}]},"14":{"type":"branch","line":78,"loc":{"start":{"line":78,"column":7},"end":{"line":81,"column":1}},"locations":[{"start":{"line":78,"column":7},"end":{"line":81,"column":1}}]},"15":{"type":"branch","line":84,"loc":{"start":{"line":84,"column":7},"end":{"line":91,"column":1}},"locations":[{"start":{"line":84,"column":7},"end":{"line":91,"column":1}}]},"16":{"type":"branch","line":94,"loc":{"start":{"line":94,"column":0},"end":{"line":113,"column":1}},"locations":[{"start":{"line":94,"column":0},"end":{"line":113,"column":1}}]},"17":{"type":"branch","line":104,"loc":{"start":{"line":104,"column":24},"end":{"line":104,"column":76}},"locations":[{"start":{"line":104,"column":24},"end":{"line":104,"column":76}}]},"18":{"type":"branch","line":104,"loc":{"start":{"line":104,"column":72},"end":{"line":104,"column":89}},"locations":[{"start":{"line":104,"column":72},"end":{"line":104,"column":89}}]},"19":{"type":"branch","line":110,"loc":{"start":{"line":110,"column":3},"end":{"line":113,"column":1}},"locations":[{"start":{"line":110,"column":3},"end":{"line":113,"column":1}}]},"20":{"type":"branch","line":116,"loc":{"start":{"line":116,"column":0},"end":{"line":128,"column":1}},"locations":[{"start":{"line":116,"column":0},"end":{"line":128,"column":1}}]},"21":{"type":"branch","line":131,"loc":{"start":{"line":131,"column":0},"end":{"line":143,"column":1}},"locations":[{"start":{"line":131,"column":0},"end":{"line":143,"column":1}}]},"22":{"type":"branch","line":146,"loc":{"start":{"line":146,"column":0},"end":{"line":161,"column":1}},"locations":[{"start":{"line":146,"column":0},"end":{"line":161,"column":1}}]},"23":{"type":"branch","line":164,"loc":{"start":{"line":164,"column":0},"end":{"line":181,"column":1}},"locations":[{"start":{"line":164,"column":0},"end":{"line":181,"column":1}}]},"24":{"type":"branch","line":184,"loc":{"start":{"line":184,"column":0},"end":{"line":199,"column":1}},"locations":[{"start":{"line":184,"column":0},"end":{"line":199,"column":1}}]},"25":{"type":"branch","line":202,"loc":{"start":{"line":202,"column":0},"end":{"line":204,"column":1}},"locations":[{"start":{"line":202,"column":0},"end":{"line":204,"column":1}}]},"26":{"type":"branch","line":207,"loc":{"start":{"line":207,"column":0},"end":{"line":215,"column":1}},"locations":[{"start":{"line":207,"column":0},"end":{"line":215,"column":1}}]},"27":{"type":"branch","line":218,"loc":{"start":{"line":218,"column":7},"end":{"line":233,"column":1}},"locations":[{"start":{"line":218,"column":7},"end":{"line":233,"column":1}}]}},"b":{"0":[4],"1":[4],"2":[22],"3":[4],"4":[21],"5":[20],"6":[1],"7":[1],"8":[0],"9":[20],"10":[2],"11":[1],"12":[0],"13":[19],"14":[13],"15":[10],"16":[9],"17":[1],"18":[8],"19":[8],"20":[13],"21":[1],"22":[1],"23":[1],"24":[1],"25":[5],"26":[6],"27":[1]},"fnMap":{"0":{"name":"<instance_members_initializer>","decl":{"start":{"line":27,"column":36},"end":{"line":39,"column":1}},"loc":{"start":{"line":27,"column":36},"end":{"line":39,"column":1}},"line":27},"1":{"name":"ApiError","decl":{"start":{"line":32,"column":2},"end":{"line":38,"column":3}},"loc":{"start":{"line":32,"column":2},"end":{"line":38,"column":3}},"line":32},"2":{"name":"normalizeBaseUrl","decl":{"start":{"line":42,"column":0},"end":{"line":44,"column":1}},"loc":{"start":{"line":42,"column":0},"end":{"line":44,"column":1}},"line":42},"3":{"name":"buildBaseInfo","decl":{"start":{"line":47,"column":0},"end":{"line":49,"column":1}},"loc":{"start":{"line":47,"column":0},"end":{"line":49,"column":1}},"line":47},"4":{"name":"parseJsonResponse","decl":{"start":{"line":52,"column":0},"end":{"line":75,"column":1}},"loc":{"start":{"line":52,"column":0},"end":{"line":75,"column":1}},"line":52},"5":{"name":"randomWechatUin","decl":{"start":{"line":78,"column":7},"end":{"line":81,"column":1}},"loc":{"start":{"line":78,"column":7},"end":{"line":81,"column":1}},"line":78},"6":{"name":"buildHeaders","decl":{"start":{"line":84,"column":7},"end":{"line":91,"column":1}},"loc":{"start":{"line":84,"column":7},"end":{"line":91,"column":1}},"line":84},"7":{"name":"apiFetch","decl":{"start":{"line":94,"column":0},"end":{"line":113,"column":1}},"loc":{"start":{"line":94,"column":0},"end":{"line":113,"column":1}},"line":94},"8":{"name":"apiGet","decl":{"start":{"line":116,"column":0},"end":{"line":128,"column":1}},"loc":{"start":{"line":116,"column":0},"end":{"line":128,"column":1}},"line":116},"9":{"name":"getUpdates","decl":{"start":{"line":131,"column":0},"end":{"line":143,"column":1}},"loc":{"start":{"line":131,"column":0},"end":{"line":143,"column":1}},"line":131},"10":{"name":"sendMessage","decl":{"start":{"line":146,"column":0},"end":{"line":161,"column":1}},"loc":{"start":{"line":146,"column":0},"end":{"line":161,"column":1}},"line":146},"11":{"name":"getConfig","decl":{"start":{"line":164,"column":0},"end":{"line":181,"column":1}},"loc":{"start":{"line":164,"column":0},"end":{"line":181,"column":1}},"line":164},"12":{"name":"sendTyping","decl":{"start":{"line":184,"column":0},"end":{"line":199,"column":1}},"loc":{"start":{"line":184,"column":0},"end":{"line":199,"column":1}},"line":184},"13":{"name":"fetchQrCode","decl":{"start":{"line":202,"column":0},"end":{"line":204,"column":1}},"loc":{"start":{"line":202,"column":0},"end":{"line":204,"column":1}},"line":202},"14":{"name":"pollQrStatus","decl":{"start":{"line":207,"column":0},"end":{"line":215,"column":1}},"loc":{"start":{"line":207,"column":0},"end":{"line":215,"column":1}},"line":207},"15":{"name":"buildTextMessage","decl":{"start":{"line":218,"column":7},"end":{"line":233,"column":1}},"loc":{"start":{"line":218,"column":7},"end":{"line":233,"column":1}},"line":218}},"f":{"0":4,"1":4,"2":22,"3":4,"4":21,"5":13,"6":10,"7":9,"8":13,"9":1,"10":1,"11":1,"12":1,"13":5,"14":6,"15":1}}
,"/Users/chenyz/dev_work/agents/wechat-ai-cli/src/auth.ts": {"path":"/Users/chenyz/dev_work/agents/wechat-ai-cli/src/auth.ts","all":false,"statementMap":{"0":{"start":{"line":1,"column":0},"end":{"line":1,"column":3}},"13":{"start":{"line":14,"column":0},"end":{"line":14,"column":64}},"15":{"start":{"line":16,"column":0},"end":{"line":16,"column":82}},"17":{"start":{"line":18,"column":0},"end":{"line":18,"column":33}},"20":{"start":{"line":21,"column":0},"end":{"line":21,"column":55}},"21":{"start":{"line":22,"column":0},"end":{"line":22,"column":40}},"22":{"start":{"line":23,"column":0},"end":{"line":23,"column":1}},"25":{"start":{"line":26,"column":0},"end":{"line":26,"column":37}},"26":{"start":{"line":27,"column":0},"end":{"line":27,"column":51}},"27":{"start":{"line":28,"column":0},"end":{"line":28,"column":1}},"30":{"start":{"line":31,"column":0},"end":{"line":31,"column":93}},"31":{"start":{"line":32,"column":0},"end":{"line":32,"column":48}},"32":{"start":{"line":33,"column":0},"end":{"line":33,"column":73}},"33":{"start":{"line":34,"column":0},"end":{"line":34,"column":91}},"34":{"start":{"line":35,"column":0},"end":{"line":35,"column":32}},"35":{"start":{"line":36,"column":0},"end":{"line":36,"column":1}},"38":{"start":{"line":39,"column":0},"end":{"line":39,"column":62}},"39":{"start":{"line":40,"column":0},"end":{"line":40,"column":44}},"40":{"start":{"line":41,"column":0},"end":{"line":41,"column":16}},"41":{"start":{"line":42,"column":0},"end":{"line":42,"column":3}},"43":{"start":{"line":44,"column":0},"end":{"line":44,"column":52}},"44":{"start":{"line":45,"column":0},"end":{"line":45,"column":10}},"45":{"start":{"line":46,"column":0},"end":{"line":46,"column":42}},"46":{"start":{"line":47,"column":0},"end":{"line":47,"column":44}},"47":{"start":{"line":48,"column":0},"end":{"line":48,"column":46}},"48":{"start":{"line":49,"column":0},"end":{"line":49,"column":40}},"50":{"start":{"line":51,"column":0},"end":{"line":51,"column":1}},"53":{"start":{"line":54,"column":0},"end":{"line":54,"column":64}},"54":{"start":{"line":55,"column":0},"end":{"line":55,"column":24}},"55":{"start":{"line":56,"column":0},"end":{"line":56,"column":34}},"56":{"start":{"line":57,"column":0},"end":{"line":57,"column":1}},"59":{"start":{"line":60,"column":0},"end":{"line":60,"column":93}},"60":{"start":{"line":61,"column":0},"end":{"line":61,"column":48}},"62":{"start":{"line":63,"column":0},"end":{"line":63,"column":7}},"63":{"start":{"line":64,"column":0},"end":{"line":64,"column":50}},"64":{"start":{"line":65,"column":0},"end":{"line":65,"column":45}},"66":{"start":{"line":67,"column":0},"end":{"line":67,"column":33}},"67":{"start":{"line":68,"column":0},"end":{"line":68,"column":68}},"68":{"start":{"line":69,"column":0},"end":{"line":69,"column":5}},"70":{"start":{"line":71,"column":0},"end":{"line":71,"column":17}},"71":{"start":{"line":72,"column":0},"end":{"line":72,"column":19}},"72":{"start":{"line":73,"column":0},"end":{"line":73,"column":61}},"73":{"start":{"line":74,"column":0},"end":{"line":74,"column":22}},"74":{"start":{"line":75,"column":0},"end":{"line":75,"column":5}},"75":{"start":{"line":76,"column":0},"end":{"line":76,"column":15}},"76":{"start":{"line":77,"column":0},"end":{"line":77,"column":3}},"77":{"start":{"line":78,"column":0},"end":{"line":78,"column":1}},"80":{"start":{"line":81,"column":0},"end":{"line":81,"column":75}},"81":{"start":{"line":82,"column":0},"end":{"line":82,"column":56}},"82":{"start":{"line":83,"column":0},"end":{"line":83,"column":1}},"85":{"start":{"line":86,"column":0},"end":{"line":86,"column":79}},"86":{"start":{"line":87,"column":0},"end":{"line":87,"column":53}},"89":{"start":{"line":90,"column":0},"end":{"line":90,"column":23}},"90":{"start":{"line":91,"column":0},"end":{"line":91,"column":61}},"91":{"start":{"line":92,"column":0},"end":{"line":92,"column":19}},"92":{"start":{"line":93,"column":0},"end":{"line":93,"column":21}},"93":{"start":{"line":94,"column":0},"end":{"line":94,"column":5}},"94":{"start":{"line":95,"column":0},"end":{"line":95,"column":3}},"97":{"start":{"line":98,"column":0},"end":{"line":98,"column":12}},"98":{"start":{"line":99,"column":0},"end":{"line":99,"column":41}},"99":{"start":{"line":100,"column":0},"end":{"line":100,"column":52}},"101":{"start":{"line":102,"column":0},"end":{"line":102,"column":38}},"104":{"start":{"line":105,"column":0},"end":{"line":105,"column":14}},"105":{"start":{"line":106,"column":0},"end":{"line":106,"column":59}},"107":{"start":{"line":108,"column":0},"end":{"line":108,"column":41}},"108":{"start":{"line":109,"column":0},"end":{"line":109,"column":41}},"109":{"start":{"line":110,"column":0},"end":{"line":110,"column":36}},"110":{"start":{"line":111,"column":0},"end":{"line":111,"column":51}},"111":{"start":{"line":112,"column":0},"end":{"line":112,"column":22}},"112":{"start":{"line":113,"column":0},"end":{"line":113,"column":49}},"113":{"start":{"line":114,"column":0},"end":{"line":114,"column":35}},"114":{"start":{"line":115,"column":0},"end":{"line":115,"column":9}},"115":{"start":{"line":116,"column":0},"end":{"line":116,"column":34}},"116":{"start":{"line":117,"column":0},"end":{"line":117,"column":7}},"118":{"start":{"line":119,"column":0},"end":{"line":119,"column":42}},"119":{"start":{"line":120,"column":0},"end":{"line":120,"column":81}},"120":{"start":{"line":121,"column":0},"end":{"line":121,"column":91}},"121":{"start":{"line":122,"column":0},"end":{"line":122,"column":9}},"123":{"start":{"line":124,"column":0},"end":{"line":124,"column":42}},"124":{"start":{"line":125,"column":0},"end":{"line":125,"column":34}},"125":{"start":{"line":126,"column":0},"end":{"line":126,"column":45}},"126":{"start":{"line":127,"column":0},"end":{"line":127,"column":41}},"127":{"start":{"line":128,"column":0},"end":{"line":128,"column":39}},"128":{"start":{"line":129,"column":0},"end":{"line":129,"column":9}},"130":{"start":{"line":131,"column":0},"end":{"line":131,"column":61}},"131":{"start":{"line":132,"column":0},"end":{"line":132,"column":26}},"132":{"start":{"line":133,"column":0},"end":{"line":133,"column":7}},"134":{"start":{"line":135,"column":0},"end":{"line":135,"column":40}},"135":{"start":{"line":136,"column":0},"end":{"line":136,"column":13}},"136":{"start":{"line":137,"column":0},"end":{"line":137,"column":7}},"138":{"start":{"line":139,"column":0},"end":{"line":139,"column":38}},"139":{"start":{"line":140,"column":0},"end":{"line":140,"column":5}},"140":{"start":{"line":141,"column":0},"end":{"line":141,"column":3}},"141":{"start":{"line":142,"column":0},"end":{"line":142,"column":1}}},"s":{"0":1,"13":1,"15":1,"17":1,"20":10,"21":10,"22":10,"25":8,"26":8,"27":8,"30":2,"31":2,"32":2,"33":2,"34":2,"35":2,"38":4,"39":4,"40":0,"41":0,"43":4,"44":4,"45":4,"46":4,"47":3,"48":3,"50":4,"53":4,"54":4,"55":4,"56":4,"59":6,"60":6,"62":6,"63":6,"64":4,"66":6,"67":1,"68":1,"70":3,"71":3,"72":3,"73":1,"74":1,"75":2,"76":2,"77":6,"80":2,"81":2,"82":2,"85":4,"86":4,"89":4,"90":1,"91":1,"92":1,"93":1,"94":1,"97":4,"98":4,"99":4,"101":4,"104":4,"105":5,"107":5,"108":5,"109":0,"110":5,"111":3,"112":5,"113":1,"114":1,"115":5,"116":5,"118":5,"119":3,"120":1,"121":1,"123":2,"124":2,"125":3,"126":3,"127":3,"128":3,"130":3,"131":2,"132":2,"134":5,"135":1,"136":1,"138":1,"139":1,"140":4,"141":4},"branchMap":{"0":{"type":"branch","line":21,"loc":{"start":{"line":21,"column":0},"end":{"line":23,"column":1}},"locations":[{"start":{"line":21,"column":0},"end":{"line":23,"column":1}}]},"1":{"type":"branch","line":22,"loc":{"start":{"line":22,"column":9},"end":{"line":22,"column":40}},"locations":[{"start":{"line":22,"column":9},"end":{"line":22,"column":40}}]},"2":{"type":"branch","line":26,"loc":{"start":{"line":26,"column":0},"end":{"line":28,"column":1}},"locations":[{"start":{"line":26,"column":0},"end":{"line":28,"column":1}}]},"3":{"type":"branch","line":31,"loc":{"start":{"line":31,"column":0},"end":{"line":36,"column":1}},"locations":[{"start":{"line":31,"column":0},"end":{"line":36,"column":1}}]},"4":{"type":"branch","line":39,"loc":{"start":{"line":39,"column":0},"end":{"line":51,"column":1}},"locations":[{"start":{"line":39,"column":0},"end":{"line":51,"column":1}}]},"5":{"type":"branch","line":40,"loc":{"start":{"line":40,"column":43},"end":{"line":42,"column":3}},"locations":[{"start":{"line":40,"column":43},"end":{"line":42,"column":3}}]},"6":{"type":"branch","line":47,"loc":{"start":{"line":47,"column":33},"end":{"line":48,"column":46}},"locations":[{"start":{"line":47,"column":33},"end":{"line":48,"column":46}}]},"7":{"type":"branch","line":48,"loc":{"start":{"line":48,"column":35},"end":{"line":49,"column":40}},"locations":[{"start":{"line":48,"column":35},"end":{"line":49,"column":40}}]},"8":{"type":"branch","line":54,"loc":{"start":{"line":54,"column":0},"end":{"line":57,"column":1}},"locations":[{"start":{"line":54,"column":0},"end":{"line":57,"column":1}}]},"9":{"type":"branch","line":60,"loc":{"start":{"line":60,"column":0},"end":{"line":78,"column":1}},"locations":[{"start":{"line":60,"column":0},"end":{"line":78,"column":1}}]},"10":{"type":"branch","line":64,"loc":{"start":{"line":64,"column":49},"end":{"line":67,"column":32}},"locations":[{"start":{"line":64,"column":49},"end":{"line":67,"column":32}}]},"11":{"type":"branch","line":67,"loc":{"start":{"line":67,"column":32},"end":{"line":69,"column":5}},"locations":[{"start":{"line":67,"column":32},"end":{"line":69,"column":5}}]},"12":{"type":"branch","line":69,"loc":{"start":{"line":69,"column":4},"end":{"line":77,"column":3}},"locations":[{"start":{"line":69,"column":4},"end":{"line":77,"column":3}}]},"13":{"type":"branch","line":73,"loc":{"start":{"line":73,"column":60},"end":{"line":75,"column":5}},"locations":[{"start":{"line":73,"column":60},"end":{"line":75,"column":5}}]},"14":{"type":"branch","line":75,"loc":{"start":{"line":75,"column":4},"end":{"line":77,"column":3}},"locations":[{"start":{"line":75,"column":4},"end":{"line":77,"column":3}}]},"15":{"type":"branch","line":81,"loc":{"start":{"line":81,"column":0},"end":{"line":83,"column":1}},"locations":[{"start":{"line":81,"column":0},"end":{"line":83,"column":1}}]},"16":{"type":"branch","line":86,"loc":{"start":{"line":86,"column":0},"end":{"line":142,"column":1}},"locations":[{"start":{"line":86,"column":0},"end":{"line":142,"column":1}}]},"17":{"type":"branch","line":87,"loc":{"start":{"line":87,"column":26},"end":{"line":87,"column":53}},"locations":[{"start":{"line":87,"column":26},"end":{"line":87,"column":53}}]},"18":{"type":"branch","line":90,"loc":{"start":{"line":90,"column":22},"end":{"line":95,"column":3}},"locations":[{"start":{"line":90,"column":22},"end":{"line":95,"column":3}}]},"19":{"type":"branch","line":95,"loc":{"start":{"line":95,"column":2},"end":{"line":98,"column":11}},"locations":[{"start":{"line":95,"column":2},"end":{"line":98,"column":11}}]},"20":{"type":"branch","line":105,"loc":{"start":{"line":105,"column":13},"end":{"line":140,"column":5}},"locations":[{"start":{"line":105,"column":13},"end":{"line":140,"column":5}}]},"21":{"type":"branch","line":109,"loc":{"start":{"line":109,"column":40},"end":{"line":111,"column":19}},"locations":[{"start":{"line":109,"column":40},"end":{"line":111,"column":19}}]},"22":{"type":"branch","line":111,"loc":{"start":{"line":111,"column":50},"end":{"line":113,"column":19}},"locations":[{"start":{"line":111,"column":50},"end":{"line":113,"column":19}}]},"23":{"type":"branch","line":113,"loc":{"start":{"line":113,"column":8},"end":{"line":115,"column":9}},"locations":[{"start":{"line":113,"column":8},"end":{"line":115,"column":9}}]},"24":{"type":"branch","line":113,"loc":{"start":{"line":113,"column":48},"end":{"line":115,"column":9}},"locations":[{"start":{"line":113,"column":48},"end":{"line":115,"column":9}}]},"25":{"type":"branch","line":119,"loc":{"start":{"line":119,"column":41},"end":{"line":133,"column":7}},"locations":[{"start":{"line":119,"column":41},"end":{"line":133,"column":7}}]},"26":{"type":"branch","line":120,"loc":{"start":{"line":120,"column":20},"end":{"line":120,"column":57}},"locations":[{"start":{"line":120,"column":20},"end":{"line":120,"column":57}}]},"27":{"type":"branch","line":120,"loc":{"start":{"line":120,"column":41},"end":{"line":120,"column":80}},"locations":[{"start":{"line":120,"column":41},"end":{"line":120,"column":80}}]},"28":{"type":"branch","line":120,"loc":{"start":{"line":120,"column":80},"end":{"line":122,"column":9}},"locations":[{"start":{"line":120,"column":80},"end":{"line":122,"column":9}}]},"29":{"type":"branch","line":122,"loc":{"start":{"line":122,"column":8},"end":{"line":126,"column":37}},"locations":[{"start":{"line":122,"column":8},"end":{"line":126,"column":37}}]},"30":{"type":"branch","line":126,"loc":{"start":{"line":126,"column":26},"end":{"line":126,"column":45}},"locations":[{"start":{"line":126,"column":26},"end":{"line":126,"column":45}}]},"31":{"type":"branch","line":131,"loc":{"start":{"line":131,"column":60},"end":{"line":133,"column":7}},"locations":[{"start":{"line":131,"column":60},"end":{"line":133,"column":7}}]},"32":{"type":"branch","line":133,"loc":{"start":{"line":133,"column":6},"end":{"line":135,"column":39}},"locations":[{"start":{"line":133,"column":6},"end":{"line":135,"column":39}}]},"33":{"type":"branch","line":135,"loc":{"start":{"line":135,"column":39},"end":{"line":140,"column":5}},"locations":[{"start":{"line":135,"column":39},"end":{"line":140,"column":5}}]}},"b":{"0":[10],"1":[5],"2":[8],"3":[2],"4":[4],"5":[0],"6":[3],"7":[3],"8":[4],"9":[6],"10":[4],"11":[1],"12":[3],"13":[1],"14":[2],"15":[2],"16":[4],"17":[0],"18":[1],"19":[3],"20":[5],"21":[0],"22":[3],"23":[2],"24":[1],"25":[3],"26":[2],"27":[2],"28":[1],"29":[2],"30":[1],"31":[2],"32":[2],"33":[1]},"fnMap":{"0":{"name":"resolveTokenPath","decl":{"start":{"line":21,"column":0},"end":{"line":23,"column":1}},"loc":{"start":{"line":21,"column":0},"end":{"line":23,"column":1}},"line":21},"1":{"name":"log","decl":{"start":{"line":26,"column":0},"end":{"line":28,"column":1}},"loc":{"start":{"line":26,"column":0},"end":{"line":28,"column":1}},"line":26},"2":{"name":"saveCredentials","decl":{"start":{"line":31,"column":0},"end":{"line":36,"column":1}},"loc":{"start":{"line":31,"column":0},"end":{"line":36,"column":1}},"line":31},"3":{"name":"isCredentials","decl":{"start":{"line":39,"column":0},"end":{"line":51,"column":1}},"loc":{"start":{"line":39,"column":0},"end":{"line":51,"column":1}},"line":39},"4":{"name":"printQrInstructions","decl":{"start":{"line":54,"column":0},"end":{"line":57,"column":1}},"loc":{"start":{"line":54,"column":0},"end":{"line":57,"column":1}},"line":54},"5":{"name":"loadCredentials","decl":{"start":{"line":60,"column":0},"end":{"line":78,"column":1}},"loc":{"start":{"line":60,"column":0},"end":{"line":78,"column":1}},"line":60},"6":{"name":"clearCredentials","decl":{"start":{"line":81,"column":0},"end":{"line":83,"column":1}},"loc":{"start":{"line":81,"column":0},"end":{"line":83,"column":1}},"line":81},"7":{"name":"login","decl":{"start":{"line":86,"column":0},"end":{"line":142,"column":1}},"loc":{"start":{"line":86,"column":0},"end":{"line":142,"column":1}},"line":86}},"f":{"0":10,"1":8,"2":2,"3":4,"4":4,"5":6,"6":2,"7":4}}
,"/Users/chenyz/dev_work/agents/wechat-ai-cli/src/client.ts": {"path":"/Users/chenyz/dev_work/agents/wechat-ai-cli/src/client.ts","all":false,"statementMap":{"0":{"start":{"line":1,"column":0},"end":{"line":1,"column":3}},"20":{"start":{"line":21,"column":0},"end":{"line":21,"column":24}},"21":{"start":{"line":22,"column":0},"end":{"line":22,"column":25}},"22":{"start":{"line":23,"column":0},"end":{"line":23,"column":37}},"23":{"start":{"line":24,"column":0},"end":{"line":24,"column":61}},"24":{"start":{"line":25,"column":0},"end":{"line":25,"column":50}},"25":{"start":{"line":26,"column":0},"end":{"line":26,"column":60}},"26":{"start":{"line":27,"column":0},"end":{"line":27,"column":35}},"27":{"start":{"line":28,"column":0},"end":{"line":28,"column":21}},"28":{"start":{"line":29,"column":0},"end":{"line":29,"column":25}},"29":{"start":{"line":30,"column":0},"end":{"line":30,"column":62}},"30":{"start":{"line":31,"column":0},"end":{"line":31,"column":49}},"32":{"start":{"line":33,"column":0},"end":{"line":33,"column":47}},"33":{"start":{"line":34,"column":0},"end":{"line":34,"column":54}},"34":{"start":{"line":35,"column":0},"end":{"line":35,"column":38}},"35":{"start":{"line":36,"column":0},"end":{"line":36,"column":42}},"36":{"start":{"line":37,"column":0},"end":{"line":37,"column":3}},"38":{"start":{"line":39,"column":0},"end":{"line":39,"column":72}},"39":{"start":{"line":40,"column":0},"end":{"line":40,"column":49}},"40":{"start":{"line":41,"column":0},"end":{"line":41,"column":37}},"41":{"start":{"line":42,"column":0},"end":{"line":42,"column":28}},"42":{"start":{"line":43,"column":0},"end":{"line":43,"column":32}},"43":{"start":{"line":44,"column":0},"end":{"line":44,"column":27}},"44":{"start":{"line":45,"column":0},"end":{"line":45,"column":6}},"46":{"start":{"line":47,"column":0},"end":{"line":47,"column":34}},"47":{"start":{"line":48,"column":0},"end":{"line":48,"column":38}},"49":{"start":{"line":50,"column":0},"end":{"line":50,"column":63}},"50":{"start":{"line":51,"column":0},"end":{"line":51,"column":22}},"51":{"start":{"line":52,"column":0},"end":{"line":52,"column":32}},"52":{"start":{"line":53,"column":0},"end":{"line":53,"column":5}},"54":{"start":{"line":55,"column":0},"end":{"line":55,"column":50}},"55":{"start":{"line":56,"column":0},"end":{"line":56,"column":22}},"56":{"start":{"line":57,"column":0},"end":{"line":57,"column":3}},"58":{"start":{"line":59,"column":0},"end":{"line":59,"column":44}},"59":{"start":{"line":60,"column":0},"end":{"line":60,"column":31}},"60":{"start":{"line":61,"column":0},"end":{"line":61,"column":15}},"61":{"start":{"line":62,"column":0},"end":{"line":62,"column":3}},"63":{"start":{"line":64,"column":0},"end":{"line":64,"column":55}},"64":{"start":{"line":65,"column":0},"end":{"line":65,"column":30}},"65":{"start":{"line":66,"column":0},"end":{"line":66,"column":52}},"66":{"start":{"line":67,"column":0},"end":{"line":67,"column":5}},"67":{"start":{"line":68,"column":0},"end":{"line":68,"column":34}},"68":{"start":{"line":69,"column":0},"end":{"line":69,"column":3}},"70":{"start":{"line":71,"column":0},"end":{"line":71,"column":70}},"71":{"start":{"line":72,"column":0},"end":{"line":72,"column":65}},"72":{"start":{"line":73,"column":0},"end":{"line":73,"column":68}},"73":{"start":{"line":74,"column":0},"end":{"line":74,"column":51}},"74":{"start":{"line":75,"column":0},"end":{"line":75,"column":3}},"76":{"start":{"line":77,"column":0},"end":{"line":77,"column":51}},"77":{"start":{"line":78,"column":0},"end":{"line":78,"column":55}},"78":{"start":{"line":79,"column":0},"end":{"line":79,"column":24}},"79":{"start":{"line":80,"column":0},"end":{"line":80,"column":104}},"80":{"start":{"line":81,"column":0},"end":{"line":81,"column":5}},"82":{"start":{"line":83,"column":0},"end":{"line":83,"column":54}},"83":{"start":{"line":84,"column":0},"end":{"line":84,"column":89}},"84":{"start":{"line":85,"column":0},"end":{"line":85,"column":32}},"85":{"start":{"line":86,"column":0},"end":{"line":86,"column":68}},"86":{"start":{"line":87,"column":0},"end":{"line":87,"column":12}},"87":{"start":{"line":88,"column":0},"end":{"line":88,"column":5}},"89":{"start":{"line":90,"column":0},"end":{"line":90,"column":89}},"90":{"start":{"line":91,"column":0},"end":{"line":91,"column":3}},"92":{"start":{"line":93,"column":0},"end":{"line":93,"column":51}},"93":{"start":{"line":94,"column":0},"end":{"line":94,"column":55}},"94":{"start":{"line":95,"column":0},"end":{"line":95,"column":29}},"96":{"start":{"line":97,"column":0},"end":{"line":97,"column":54}},"97":{"start":{"line":98,"column":0},"end":{"line":98,"column":89}},"98":{"start":{"line":99,"column":0},"end":{"line":99,"column":37}},"100":{"start":{"line":101,"column":0},"end":{"line":101,"column":89}},"101":{"start":{"line":102,"column":0},"end":{"line":102,"column":3}},"103":{"start":{"line":104,"column":0},"end":{"line":104,"column":59}},"104":{"start":{"line":105,"column":0},"end":{"line":105,"column":55}},"105":{"start":{"line":106,"column":0},"end":{"line":106,"column":24}},"106":{"start":{"line":107,"column":0},"end":{"line":107,"column":104}},"107":{"start":{"line":108,"column":0},"end":{"line":108,"column":5}},"109":{"start":{"line":110,"column":0},"end":{"line":110,"column":51}},"110":{"start":{"line":111,"column":0},"end":{"line":111,"column":3}},"112":{"start":{"line":113,"column":0},"end":{"line":113,"column":30}},"113":{"start":{"line":114,"column":0},"end":{"line":114,"column":26}},"114":{"start":{"line":115,"column":0},"end":{"line":115,"column":28}},"115":{"start":{"line":116,"column":0},"end":{"line":116,"column":5}},"117":{"start":{"line":118,"column":0},"end":{"line":118,"column":24}},"118":{"start":{"line":119,"column":0},"end":{"line":119,"column":36}},"120":{"start":{"line":121,"column":0},"end":{"line":121,"column":9}},"121":{"start":{"line":122,"column":0},"end":{"line":122,"column":27}},"122":{"start":{"line":123,"column":0},"end":{"line":123,"column":15}},"123":{"start":{"line":124,"column":0},"end":{"line":124,"column":28}},"124":{"start":{"line":125,"column":0},"end":{"line":125,"column":39}},"125":{"start":{"line":126,"column":0},"end":{"line":126,"column":5}},"126":{"start":{"line":127,"column":0},"end":{"line":127,"column":3}},"128":{"start":{"line":129,"column":0},"end":{"line":129,"column":16}},"129":{"start":{"line":130,"column":0},"end":{"line":130,"column":23}},"130":{"start":{"line":131,"column":0},"end":{"line":131,"column":39}},"131":{"start":{"line":132,"column":0},"end":{"line":132,"column":3}},"133":{"start":{"line":134,"column":0},"end":{"line":134,"column":42}},"134":{"start":{"line":135,"column":0},"end":{"line":135,"column":34}},"135":{"start":{"line":136,"column":0},"end":{"line":136,"column":39}},"136":{"start":{"line":137,"column":0},"end":{"line":137,"column":28}},"138":{"start":{"line":139,"column":0},"end":{"line":139,"column":27}},"139":{"start":{"line":140,"column":0},"end":{"line":140,"column":11}},"140":{"start":{"line":141,"column":0},"end":{"line":141,"column":58}},"141":{"start":{"line":142,"column":0},"end":{"line":142,"column":58}},"142":{"start":{"line":143,"column":0},"end":{"line":143,"column":41}},"143":{"start":{"line":144,"column":0},"end":{"line":144,"column":23}},"144":{"start":{"line":145,"column":0},"end":{"line":145,"column":28}},"145":{"start":{"line":146,"column":0},"end":{"line":146,"column":22}},"146":{"start":{"line":147,"column":0},"end":{"line":147,"column":44}},"147":{"start":{"line":148,"column":0},"end":{"line":148,"column":9}},"149":{"start":{"line":150,"column":0},"end":{"line":150,"column":41}},"150":{"start":{"line":151,"column":0},"end":{"line":151,"column":60}},"151":{"start":{"line":152,"column":0},"end":{"line":152,"column":28}},"153":{"start":{"line":154,"column":0},"end":{"line":154,"column":47}},"154":{"start":{"line":155,"column":0},"end":{"line":155,"column":35}},"155":{"start":{"line":156,"column":0},"end":{"line":156,"column":54}},"156":{"start":{"line":157,"column":0},"end":{"line":157,"column":26}},"157":{"start":{"line":158,"column":0},"end":{"line":158,"column":20}},"158":{"start":{"line":159,"column":0},"end":{"line":159,"column":11}},"160":{"start":{"line":161,"column":0},"end":{"line":161,"column":46}},"161":{"start":{"line":162,"column":0},"end":{"line":162,"column":9}},"162":{"start":{"line":163,"column":0},"end":{"line":163,"column":23}},"163":{"start":{"line":164,"column":0},"end":{"line":164,"column":41}},"165":{"start":{"line":166,"column":0},"end":{"line":166,"column":50}},"166":{"start":{"line":167,"column":0},"end":{"line":167,"column":15}},"167":{"start":{"line":168,"column":0},"end":{"line":168,"column":9}},"169":{"start":{"line":170,"column":0},"end":{"line":170,"column":38}},"170":{"start":{"line":171,"column":0},"end":{"line":171,"column":70}},"171":{"start":{"line":172,"column":0},"end":{"line":172,"column":38}},"172":{"start":{"line":173,"column":0},"end":{"line":173,"column":26}},"173":{"start":{"line":174,"column":0},"end":{"line":174,"column":36}},"175":{"start":{"line":176,"column":0},"end":{"line":176,"column":15}},"176":{"start":{"line":177,"column":0},"end":{"line":177,"column":50}},"177":{"start":{"line":178,"column":0},"end":{"line":178,"column":45}},"178":{"start":{"line":179,"column":0},"end":{"line":179,"column":32}},"179":{"start":{"line":180,"column":0},"end":{"line":180,"column":20}},"180":{"start":{"line":181,"column":0},"end":{"line":181,"column":32}},"181":{"start":{"line":182,"column":0},"end":{"line":182,"column":40}},"182":{"start":{"line":183,"column":0},"end":{"line":183,"column":11}},"183":{"start":{"line":184,"column":0},"end":{"line":184,"column":16}},"184":{"start":{"line":185,"column":0},"end":{"line":185,"column":33}},"185":{"start":{"line":186,"column":0},"end":{"line":186,"column":9}},"187":{"start":{"line":188,"column":0},"end":{"line":188,"column":33}},"188":{"start":{"line":189,"column":0},"end":{"line":189,"column":57}},"189":{"start":{"line":190,"column":0},"end":{"line":190,"column":7}},"190":{"start":{"line":191,"column":0},"end":{"line":191,"column":5}},"192":{"start":{"line":193,"column":0},"end":{"line":193,"column":39}},"193":{"start":{"line":194,"column":0},"end":{"line":194,"column":3}},"195":{"start":{"line":196,"column":0},"end":{"line":196,"column":59}},"196":{"start":{"line":197,"column":0},"end":{"line":197,"column":27}},"197":{"start":{"line":198,"column":0},"end":{"line":198,"column":29}},"198":{"start":{"line":199,"column":0},"end":{"line":199,"column":5}},"200":{"start":{"line":201,"column":0},"end":{"line":201,"column":56}},"201":{"start":{"line":202,"column":0},"end":{"line":202,"column":17}},"202":{"start":{"line":203,"column":0},"end":{"line":203,"column":31}},"203":{"start":{"line":204,"column":0},"end":{"line":204,"column":35}},"204":{"start":{"line":205,"column":0},"end":{"line":205,"column":19}},"205":{"start":{"line":206,"column":0},"end":{"line":206,"column":5}},"207":{"start":{"line":208,"column":0},"end":{"line":208,"column":23}},"208":{"start":{"line":209,"column":0},"end":{"line":209,"column":3}},"210":{"start":{"line":211,"column":0},"end":{"line":211,"column":93}},"211":{"start":{"line":212,"column":0},"end":{"line":212,"column":28}},"212":{"start":{"line":213,"column":0},"end":{"line":213,"column":54}},"213":{"start":{"line":214,"column":0},"end":{"line":214,"column":5}},"215":{"start":{"line":216,"column":0},"end":{"line":216,"column":54}},"216":{"start":{"line":217,"column":0},"end":{"line":217,"column":49}},"217":{"start":{"line":218,"column":0},"end":{"line":218,"column":103}},"218":{"start":{"line":219,"column":0},"end":{"line":219,"column":5}},"219":{"start":{"line":220,"column":0},"end":{"line":220,"column":3}},"221":{"start":{"line":222,"column":0},"end":{"line":222,"column":74}},"222":{"start":{"line":223,"column":0},"end":{"line":223,"column":37}},"223":{"start":{"line":224,"column":0},"end":{"line":224,"column":12}},"224":{"start":{"line":225,"column":0},"end":{"line":225,"column":5}},"226":{"start":{"line":227,"column":0},"end":{"line":227,"column":100}},"227":{"start":{"line":228,"column":0},"end":{"line":228,"column":35}},"228":{"start":{"line":229,"column":0},"end":{"line":229,"column":41}},"229":{"start":{"line":230,"column":0},"end":{"line":230,"column":39}},"230":{"start":{"line":231,"column":0},"end":{"line":231,"column":7}},"231":{"start":{"line":232,"column":0},"end":{"line":232,"column":5}},"232":{"start":{"line":233,"column":0},"end":{"line":233,"column":3}},"234":{"start":{"line":235,"column":0},"end":{"line":235,"column":57}},"235":{"start":{"line":236,"column":0},"end":{"line":236,"column":104}},"236":{"start":{"line":237,"column":0},"end":{"line":237,"column":42}},"237":{"start":{"line":238,"column":0},"end":{"line":238,"column":59}},"238":{"start":{"line":239,"column":0},"end":{"line":239,"column":5}},"239":{"start":{"line":240,"column":0},"end":{"line":240,"column":3}},"241":{"start":{"line":242,"column":0},"end":{"line":242,"column":77}},"242":{"start":{"line":243,"column":0},"end":{"line":243,"column":52}},"243":{"start":{"line":244,"column":0},"end":{"line":244,"column":17}},"244":{"start":{"line":245,"column":0},"end":{"line":245,"column":5}},"246":{"start":{"line":247,"column":0},"end":{"line":247,"column":12}},"247":{"start":{"line":248,"column":0},"end":{"line":248,"column":35}},"248":{"start":{"line":249,"column":0},"end":{"line":249,"column":43}},"249":{"start":{"line":250,"column":0},"end":{"line":250,"column":42}},"250":{"start":{"line":251,"column":0},"end":{"line":251,"column":19}},"251":{"start":{"line":252,"column":0},"end":{"line":252,"column":43}},"252":{"start":{"line":253,"column":0},"end":{"line":253,"column":50}},"253":{"start":{"line":254,"column":0},"end":{"line":254,"column":5}},"254":{"start":{"line":255,"column":0},"end":{"line":255,"column":3}},"256":{"start":{"line":257,"column":0},"end":{"line":257,"column":45}},"257":{"start":{"line":258,"column":0},"end":{"line":258,"column":68}},"258":{"start":{"line":259,"column":0},"end":{"line":259,"column":33}},"259":{"start":{"line":260,"column":0},"end":{"line":260,"column":3}},"261":{"start":{"line":262,"column":0},"end":{"line":262,"column":38}},"262":{"start":{"line":263,"column":0},"end":{"line":263,"column":53}},"263":{"start":{"line":264,"column":0},"end":{"line":264,"column":3}},"264":{"start":{"line":265,"column":0},"end":{"line":265,"column":1}},"266":{"start":{"line":267,"column":0},"end":{"line":267,"column":68}},"267":{"start":{"line":268,"column":0},"end":{"line":268,"column":24}},"269":{"start":{"line":270,"column":0},"end":{"line":270,"column":24}},"270":{"start":{"line":271,"column":0},"end":{"line":271,"column":31}},"271":{"start":{"line":272,"column":0},"end":{"line":272,"column":20}},"272":{"start":{"line":273,"column":0},"end":{"line":273,"column":31}},"273":{"start":{"line":274,"column":0},"end":{"line":274,"column":20}},"274":{"start":{"line":275,"column":0},"end":{"line":275,"column":30}},"275":{"start":{"line":276,"column":0},"end":{"line":276,"column":19}},"276":{"start":{"line":277,"column":0},"end":{"line":277,"column":31}},"277":{"start":{"line":278,"column":0},"end":{"line":278,"column":20}},"278":{"start":{"line":279,"column":0},"end":{"line":279,"column":12}},"279":{"start":{"line":280,"column":0},"end":{"line":280,"column":19}},"280":{"start":{"line":281,"column":0},"end":{"line":281,"column":3}},"281":{"start":{"line":282,"column":0},"end":{"line":282,"column":1}},"283":{"start":{"line":284,"column":0},"end":{"line":284,"column":52}},"284":{"start":{"line":285,"column":0},"end":{"line":285,"column":21}},"285":{"start":{"line":286,"column":0},"end":{"line":286,"column":20}},"286":{"start":{"line":287,"column":0},"end":{"line":287,"column":26}},"287":{"start":{"line":288,"column":0},"end":{"line":288,"column":34}},"288":{"start":{"line":289,"column":0},"end":{"line":289,"column":43}},"289":{"start":{"line":290,"column":0},"end":{"line":290,"column":35}},"290":{"start":{"line":291,"column":0},"end":{"line":291,"column":50}},"291":{"start":{"line":292,"column":0},"end":{"line":292,"column":35}},"292":{"start":{"line":293,"column":0},"end":{"line":293,"column":51}},"293":{"start":{"line":294,"column":0},"end":{"line":294,"column":34}},"294":{"start":{"line":295,"column":0},"end":{"line":295,"column":54}},"295":{"start":{"line":296,"column":0},"end":{"line":296,"column":35}},"296":{"start":{"line":297,"column":0},"end":{"line":297,"column":26}},"297":{"start":{"line":298,"column":0},"end":{"line":298,"column":16}},"298":{"start":{"line":299,"column":0},"end":{"line":299,"column":19}},"299":{"start":{"line":300,"column":0},"end":{"line":300,"column":7}},"300":{"start":{"line":301,"column":0},"end":{"line":301,"column":6}},"301":{"start":{"line":302,"column":0},"end":{"line":302,"column":20}},"303":{"start":{"line":304,"column":0},"end":{"line":304,"column":25}},"304":{"start":{"line":305,"column":0},"end":{"line":305,"column":1}},"306":{"start":{"line":307,"column":0},"end":{"line":307,"column":59}},"307":{"start":{"line":308,"column":0},"end":{"line":308,"column":32}},"308":{"start":{"line":309,"column":0},"end":{"line":309,"column":29}},"310":{"start":{"line":311,"column":0},"end":{"line":311,"column":61}},"311":{"start":{"line":312,"column":0},"end":{"line":312,"column":59}},"312":{"start":{"line":313,"column":0},"end":{"line":313,"column":3}},"314":{"start":{"line":315,"column":0},"end":{"line":315,"column":42}},"315":{"start":{"line":316,"column":0},"end":{"line":316,"column":1}},"317":{"start":{"line":318,"column":0},"end":{"line":318,"column":48}},"318":{"start":{"line":319,"column":0},"end":{"line":319,"column":97}},"319":{"start":{"line":320,"column":0},"end":{"line":320,"column":1}},"321":{"start":{"line":322,"column":0},"end":{"line":322,"column":52}},"322":{"start":{"line":323,"column":0},"end":{"line":323,"column":56}},"323":{"start":{"line":324,"column":0},"end":{"line":324,"column":1}}},"s":{"0":1,"20":1,"21":19,"22":19,"23":19,"24":19,"25":19,"26":19,"27":19,"28":19,"29":19,"30":19,"32":19,"33":19,"34":19,"35":19,"36":19,"38":19,"39":10,"40":10,"41":10,"42":10,"43":10,"44":10,"46":9,"47":9,"49":10,"50":1,"51":1,"52":1,"54":9,"55":9,"56":10,"58":19,"59":2,"60":2,"61":2,"63":19,"64":2,"65":1,"66":1,"67":1,"68":2,"70":19,"71":6,"72":6,"73":5,"74":6,"76":19,"77":3,"78":3,"79":1,"80":1,"82":2,"83":2,"84":3,"85":1,"86":1,"87":1,"89":1,"90":3,"92":19,"93":7,"94":7,"96":6,"97":6,"98":6,"100":4,"101":7,"103":19,"104":2,"105":2,"106":1,"107":1,"109":1,"110":2,"112":19,"113":0,"114":0,"115":0,"117":0,"118":0,"120":0,"121":0,"122":0,"123":0,"124":0,"125":0,"126":0,"128":19,"129":0,"130":0,"131":0,"133":19,"134":0,"135":0,"136":0,"138":0,"139":0,"140":0,"141":0,"142":0,"143":0,"144":0,"145":0,"146":0,"147":0,"149":0,"150":0,"151":0,"153":0,"154":0,"155":0,"156":0,"157":0,"158":0,"160":0,"161":0,"162":0,"163":0,"165":0,"166":0,"167":0,"169":0,"170":0,"171":0,"172":0,"173":0,"175":0,"176":0,"177":0,"178":0,"179":0,"180":0,"181":0,"182":0,"183":0,"184":0,"185":0,"187":0,"188":0,"189":0,"190":0,"192":0,"193":0,"195":19,"196":15,"197":14,"198":14,"200":1,"201":15,"202":0,"203":0,"204":0,"205":0,"207":1,"208":15,"210":19,"211":7,"212":0,"213":0,"215":7,"216":6,"217":6,"218":6,"219":7,"221":19,"222":0,"223":0,"224":0,"226":0,"227":0,"228":0,"229":0,"230":0,"231":0,"232":0,"234":19,"235":0,"236":0,"237":0,"238":0,"239":0,"241":19,"242":0,"243":0,"244":0,"246":0,"247":0,"248":0,"249":0,"250":0,"251":0,"252":0,"253":0,"254":0,"256":19,"257":0,"258":0,"259":0,"261":19,"262":10,"263":10,"264":19,"266":0,"267":0,"269":0,"270":0,"271":0,"272":0,"273":0,"274":0,"275":0,"276":0,"277":0,"278":0,"279":0,"280":0,"281":0,"283":0,"284":0,"285":0,"286":0,"287":0,"288":0,"289":0,"290":0,"291":0,"292":0,"293":0,"294":0,"295":0,"296":0,"297":0,"298":0,"299":0,"300":0,"301":0,"303":0,"304":0,"306":6,"307":6,"308":6,"310":6,"311":6,"312":6,"314":6,"315":6,"317":0,"318":0,"319":0,"321":0,"322":0,"323":0},"branchMap":{"0":{"type":"branch","line":21,"loc":{"start":{"line":21,"column":23},"end":{"line":265,"column":1}},"locations":[{"start":{"line":21,"column":23},"end":{"line":265,"column":1}}]},"1":{"type":"branch","line":33,"loc":{"start":{"line":33,"column":2},"end":{"line":37,"column":3}},"locations":[{"start":{"line":33,"column":2},"end":{"line":37,"column":3}}]},"2":{"type":"branch","line":34,"loc":{"start":{"line":34,"column":27},"end":{"line":34,"column":54}},"locations":[{"start":{"line":34,"column":27},"end":{"line":34,"column":54}}]},"3":{"type":"branch","line":39,"loc":{"start":{"line":39,"column":2},"end":{"line":57,"column":3}},"locations":[{"start":{"line":39,"column":2},"end":{"line":57,"column":3}}]},"4":{"type":"branch","line":40,"loc":{"start":{"line":40,"column":31},"end":{"line":40,"column":49}},"locations":[{"start":{"line":40,"column":31},"end":{"line":40,"column":49}}]},"5":{"type":"branch","line":45,"loc":{"start":{"line":45,"column":5},"end":{"line":50,"column":25}},"locations":[{"start":{"line":45,"column":5},"end":{"line":50,"column":25}}]},"6":{"type":"branch","line":50,"loc":{"start":{"line":50,"column":8},"end":{"line":50,"column":62}},"locations":[{"start":{"line":50,"column":8},"end":{"line":50,"column":62}}]},"7":{"type":"branch","line":50,"loc":{"start":{"line":50,"column":62},"end":{"line":53,"column":5}},"locations":[{"start":{"line":50,"column":62},"end":{"line":53,"column":5}}]},"8":{"type":"branch","line":53,"loc":{"start":{"line":53,"column":4},"end":{"line":56,"column":22}},"locations":[{"start":{"line":53,"column":4},"end":{"line":56,"column":22}}]},"9":{"type":"branch","line":59,"loc":{"start":{"line":59,"column":2},"end":{"line":62,"column":3}},"locations":[{"start":{"line":59,"column":2},"end":{"line":62,"column":3}}]},"10":{"type":"branch","line":64,"loc":{"start":{"line":64,"column":2},"end":{"line":69,"column":3}},"locations":[{"start":{"line":64,"column":2},"end":{"line":69,"column":3}}]},"11":{"type":"branch","line":65,"loc":{"start":{"line":65,"column":29},"end":{"line":68,"column":34}},"locations":[{"start":{"line":65,"column":29},"end":{"line":68,"column":34}}]},"12":{"type":"branch","line":71,"loc":{"start":{"line":71,"column":2},"end":{"line":75,"column":3}},"locations":[{"start":{"line":71,"column":2},"end":{"line":75,"column":3}}]},"13":{"type":"branch","line":73,"loc":{"start":{"line":73,"column":67},"end":{"line":74,"column":51}},"locations":[{"start":{"line":73,"column":67},"end":{"line":74,"column":51}}]},"14":{"type":"branch","line":74,"loc":{"start":{"line":74,"column":42},"end":{"line":74,"column":50}},"locations":[{"start":{"line":74,"column":42},"end":{"line":74,"column":50}}]},"15":{"type":"branch","line":77,"loc":{"start":{"line":77,"column":2},"end":{"line":91,"column":3}},"locations":[{"start":{"line":77,"column":2},"end":{"line":91,"column":3}}]},"16":{"type":"branch","line":79,"loc":{"start":{"line":79,"column":23},"end":{"line":81,"column":5}},"locations":[{"start":{"line":79,"column":23},"end":{"line":81,"column":5}}]},"17":{"type":"branch","line":81,"loc":{"start":{"line":81,"column":4},"end":{"line":85,"column":31}},"locations":[{"start":{"line":81,"column":4},"end":{"line":85,"column":31}}]},"18":{"type":"branch","line":85,"loc":{"start":{"line":85,"column":31},"end":{"line":90,"column":89}},"locations":[{"start":{"line":85,"column":31},"end":{"line":90,"column":89}}]},"19":{"type":"branch","line":93,"loc":{"start":{"line":93,"column":2},"end":{"line":102,"column":3}},"locations":[{"start":{"line":93,"column":2},"end":{"line":102,"column":3}}]},"20":{"type":"branch","line":95,"loc":{"start":{"line":95,"column":23},"end":{"line":95,"column":29}},"locations":[{"start":{"line":95,"column":23},"end":{"line":95,"column":29}}]},"21":{"type":"branch","line":95,"loc":{"start":{"line":95,"column":23},"end":{"line":99,"column":37}},"locations":[{"start":{"line":95,"column":23},"end":{"line":99,"column":37}}]},"22":{"type":"branch","line":99,"loc":{"start":{"line":99,"column":31},"end":{"line":99,"column":37}},"locations":[{"start":{"line":99,"column":31},"end":{"line":99,"column":37}}]},"23":{"type":"branch","line":99,"loc":{"start":{"line":99,"column":31},"end":{"line":101,"column":89}},"locations":[{"start":{"line":99,"column":31},"end":{"line":101,"column":89}}]},"24":{"type":"branch","line":104,"loc":{"start":{"line":104,"column":2},"end":{"line":111,"column":3}},"locations":[{"start":{"line":104,"column":2},"end":{"line":111,"column":3}}]},"25":{"type":"branch","line":106,"loc":{"start":{"line":106,"column":23},"end":{"line":110,"column":51}},"locations":[{"start":{"line":106,"column":23},"end":{"line":110,"column":51}}]},"26":{"type":"branch","line":196,"loc":{"start":{"line":196,"column":2},"end":{"line":209,"column":3}},"locations":[{"start":{"line":196,"column":2},"end":{"line":209,"column":3}}]},"27":{"type":"branch","line":197,"loc":{"start":{"line":197,"column":26},"end":{"line":199,"column":5}},"locations":[{"start":{"line":197,"column":26},"end":{"line":199,"column":5}}]},"28":{"type":"branch","line":199,"loc":{"start":{"line":199,"column":4},"end":{"line":202,"column":16}},"locations":[{"start":{"line":199,"column":4},"end":{"line":202,"column":16}}]},"29":{"type":"branch","line":202,"loc":{"start":{"line":202,"column":16},"end":{"line":206,"column":5}},"locations":[{"start":{"line":202,"column":16},"end":{"line":206,"column":5}}]},"30":{"type":"branch","line":206,"loc":{"start":{"line":206,"column":4},"end":{"line":208,"column":23}},"locations":[{"start":{"line":206,"column":4},"end":{"line":208,"column":23}}]},"31":{"type":"branch","line":211,"loc":{"start":{"line":211,"column":2},"end":{"line":220,"column":3}},"locations":[{"start":{"line":211,"column":2},"end":{"line":220,"column":3}}]},"32":{"type":"branch","line":212,"loc":{"start":{"line":212,"column":27},"end":{"line":214,"column":5}},"locations":[{"start":{"line":212,"column":27},"end":{"line":214,"column":5}}]},"33":{"type":"branch","line":216,"loc":{"start":{"line":216,"column":53},"end":{"line":219,"column":5}},"locations":[{"start":{"line":216,"column":53},"end":{"line":219,"column":5}}]},"34":{"type":"branch","line":262,"loc":{"start":{"line":262,"column":10},"end":{"line":264,"column":3}},"locations":[{"start":{"line":262,"column":10},"end":{"line":264,"column":3}}]},"35":{"type":"branch","line":307,"loc":{"start":{"line":307,"column":0},"end":{"line":316,"column":1}},"locations":[{"start":{"line":307,"column":0},"end":{"line":316,"column":1}}]},"36":{"type":"branch","line":315,"loc":{"start":{"line":315,"column":29},"end":{"line":315,"column":42}},"locations":[{"start":{"line":315,"column":29},"end":{"line":315,"column":42}}]}},"b":{"0":[19],"1":[19],"2":[18],"3":[10],"4":[1],"5":[9],"6":[1],"7":[1],"8":[9],"9":[2],"10":[2],"11":[1],"12":[6],"13":[5],"14":[1],"15":[3],"16":[1],"17":[2],"18":[1],"19":[7],"20":[1],"21":[6],"22":[1],"23":[4],"24":[2],"25":[1],"26":[15],"27":[14],"28":[1],"29":[0],"30":[1],"31":[7],"32":[0],"33":[6],"34":[10],"35":[6],"36":[0]},"fnMap":{"0":{"name":"<instance_members_initializer>","decl":{"start":{"line":21,"column":23},"end":{"line":265,"column":1}},"loc":{"start":{"line":21,"column":23},"end":{"line":265,"column":1}},"line":21},"1":{"name":"WeixinBot","decl":{"start":{"line":33,"column":2},"end":{"line":37,"column":3}},"loc":{"start":{"line":33,"column":2},"end":{"line":37,"column":3}},"line":33},"2":{"name":"login","decl":{"start":{"line":39,"column":2},"end":{"line":57,"column":3}},"loc":{"start":{"line":39,"column":2},"end":{"line":57,"column":3}},"line":39},"3":{"name":"onMessage","decl":{"start":{"line":59,"column":2},"end":{"line":62,"column":3}},"loc":{"start":{"line":59,"column":2},"end":{"line":62,"column":3}},"line":59},"4":{"name":"on","decl":{"start":{"line":64,"column":2},"end":{"line":69,"column":3}},"loc":{"start":{"line":64,"column":2},"end":{"line":69,"column":3}},"line":64},"5":{"name":"reply","decl":{"start":{"line":71,"column":2},"end":{"line":75,"column":3}},"loc":{"start":{"line":71,"column":2},"end":{"line":75,"column":3}},"line":71},"6":{"name":"sendTyping","decl":{"start":{"line":77,"column":2},"end":{"line":91,"column":3}},"loc":{"start":{"line":77,"column":2},"end":{"line":91,"column":3}},"line":77},"7":{"name":"stopTyping","decl":{"start":{"line":93,"column":2},"end":{"line":102,"column":3}},"loc":{"start":{"line":93,"column":2},"end":{"line":102,"column":3}},"line":93},"8":{"name":"send","decl":{"start":{"line":104,"column":2},"end":{"line":111,"column":3}},"loc":{"start":{"line":104,"column":2},"end":{"line":111,"column":3}},"line":104},"9":{"name":"run","decl":{"start":{"line":113,"column":2},"end":{"line":127,"column":3}},"loc":{"start":{"line":113,"column":2},"end":{"line":127,"column":3}},"line":113},"10":{"name":"stop","decl":{"start":{"line":129,"column":2},"end":{"line":132,"column":3}},"loc":{"start":{"line":129,"column":2},"end":{"line":132,"column":3}},"line":129},"11":{"name":"runLoop","decl":{"start":{"line":134,"column":2},"end":{"line":194,"column":3}},"loc":{"start":{"line":134,"column":2},"end":{"line":194,"column":3}},"line":134},"12":{"name":"ensureCredentials","decl":{"start":{"line":196,"column":2},"end":{"line":209,"column":3}},"loc":{"start":{"line":196,"column":2},"end":{"line":209,"column":3}},"line":196},"13":{"name":"sendText","decl":{"start":{"line":211,"column":2},"end":{"line":220,"column":3}},"loc":{"start":{"line":211,"column":2},"end":{"line":220,"column":3}},"line":211},"14":{"name":"dispatchMessage","decl":{"start":{"line":222,"column":2},"end":{"line":233,"column":3}},"loc":{"start":{"line":222,"column":2},"end":{"line":233,"column":3}},"line":222},"15":{"name":"rememberContext","decl":{"start":{"line":235,"column":10},"end":{"line":240,"column":3}},"loc":{"start":{"line":235,"column":10},"end":{"line":240,"column":3}},"line":235},"16":{"name":"toIncomingMessage","decl":{"start":{"line":242,"column":10},"end":{"line":255,"column":3}},"loc":{"start":{"line":242,"column":10},"end":{"line":255,"column":3}},"line":242},"17":{"name":"reportError","decl":{"start":{"line":257,"column":10},"end":{"line":260,"column":3}},"loc":{"start":{"line":257,"column":10},"end":{"line":260,"column":3}},"line":257},"18":{"name":"log","decl":{"start":{"line":262,"column":10},"end":{"line":264,"column":3}},"loc":{"start":{"line":262,"column":10},"end":{"line":264,"column":3}},"line":262},"19":{"name":"detectType","decl":{"start":{"line":267,"column":0},"end":{"line":282,"column":1}},"loc":{"start":{"line":267,"column":0},"end":{"line":282,"column":1}},"line":267},"20":{"name":"extractText","decl":{"start":{"line":284,"column":0},"end":{"line":305,"column":1}},"loc":{"start":{"line":284,"column":0},"end":{"line":305,"column":1}},"line":284},"21":{"name":"chunkText","decl":{"start":{"line":307,"column":0},"end":{"line":316,"column":1}},"loc":{"start":{"line":307,"column":0},"end":{"line":316,"column":1}},"line":307},"22":{"name":"isAbortError","decl":{"start":{"line":318,"column":0},"end":{"line":320,"column":1}},"loc":{"start":{"line":318,"column":0},"end":{"line":320,"column":1}},"line":318},"23":{"name":"isSessionExpired","decl":{"start":{"line":322,"column":0},"end":{"line":324,"column":1}},"loc":{"start":{"line":322,"column":0},"end":{"line":324,"column":1}},"line":322}},"f":{"0":19,"1":19,"2":10,"3":2,"4":2,"5":6,"6":3,"7":7,"8":2,"9":0,"10":0,"11":0,"12":15,"13":7,"14":0,"15":0,"16":0,"17":0,"18":10,"19":0,"20":0,"21":6,"22":0,"23":0}}
,"/Users/chenyz/dev_work/agents/wechat-ai-cli/src/types.ts": {"path":"/Users/chenyz/dev_work/agents/wechat-ai-cli/src/types.ts","all":false,"statementMap":{"11":{"start":{"line":12,"column":0},"end":{"line":12,"column":25}},"13":{"start":{"line":14,"column":0},"end":{"line":14,"column":11}},"15":{"start":{"line":16,"column":0},"end":{"line":16,"column":10}},"19":{"start":{"line":20,"column":0},"end":{"line":20,"column":26}},"21":{"start":{"line":22,"column":0},"end":{"line":22,"column":10}},"23":{"start":{"line":24,"column":0},"end":{"line":24,"column":17}},"25":{"start":{"line":26,"column":0},"end":{"line":26,"column":13}},"29":{"start":{"line":30,"column":0},"end":{"line":30,"column":29}},"31":{"start":{"line":32,"column":0},"end":{"line":32,"column":11}},"33":{"start":{"line":34,"column":0},"end":{"line":34,"column":12}},"35":{"start":{"line":36,"column":0},"end":{"line":36,"column":12}},"37":{"start":{"line":38,"column":0},"end":{"line":38,"column":11}},"39":{"start":{"line":40,"column":0},"end":{"line":40,"column":12}}},"s":{"11":1,"13":1,"15":1,"19":1,"21":1,"23":1,"25":1,"29":1,"31":1,"33":1,"35":1,"37":1,"39":1},"branchMap":{"0":{"type":"branch","line":12,"loc":{"start":{"line":12,"column":7},"end":{"line":12,"column":25}},"locations":[{"start":{"line":12,"column":7},"end":{"line":12,"column":25}}]},"1":{"type":"branch","line":20,"loc":{"start":{"line":20,"column":7},"end":{"line":20,"column":26}},"locations":[{"start":{"line":20,"column":7},"end":{"line":20,"column":26}}]},"2":{"type":"branch","line":30,"loc":{"start":{"line":30,"column":7},"end":{"line":30,"column":29}},"locations":[{"start":{"line":30,"column":7},"end":{"line":30,"column":29}}]}},"b":{"0":[4],"1":[4],"2":[4]},"fnMap":{},"f":{}}
}
