TN:
SF:src/api.ts
FN:27,<instance_members_initializer>
FN:32,ApiError
FN:42,normalizeBaseUrl
FN:47,buildBaseInfo
FN:52,parseJsonResponse
FN:78,randomWechatUin
FN:84,buildHeaders
FN:94,apiFetch
FN:116,apiGet
FN:131,getUpdates
FN:146,sendMessage
FN:164,getConfig
FN:184,sendTyping
FN:202,fetchQrCode
FN:207,pollQrStatus
FN:218,buildTextMessage
FNF:16
FNH:16
FNDA:4,<instance_members_initializer>
FNDA:4,ApiError
FNDA:22,normalizeBaseUrl
FNDA:4,buildBaseInfo
FNDA:21,parseJsonResponse
FNDA:13,randomWechatUin
FNDA:10,buildHeaders
FNDA:9,apiFetch
FNDA:13,apiGet
FNDA:1,getUpdates
FNDA:1,sendMessage
FNDA:1,getConfig
FNDA:1,sendTyping
FNDA:5,fetchQrCode
FNDA:6,pollQrStatus
FNDA:1,buildTextMessage
DA:1,1
DA:22,1
DA:24,1
DA:27,1
DA:28,4
DA:29,4
DA:30,4
DA:32,4
DA:33,4
DA:34,4
DA:35,4
DA:36,4
DA:37,4
DA:38,4
DA:39,4
DA:42,22
DA:43,22
DA:44,22
DA:47,4
DA:48,4
DA:49,4
DA:52,21
DA:53,21
DA:54,21
DA:56,21
DA:57,1
DA:58,1
DA:59,1
DA:60,1
DA:61,1
DA:62,1
DA:63,1
DA:65,21
DA:66,1
DA:67,1
DA:68,1
DA:69,1
DA:70,1
DA:71,1
DA:72,1
DA:74,19
DA:75,19
DA:78,1
DA:79,13
DA:80,13
DA:81,13
DA:84,1
DA:85,10
DA:86,10
DA:87,10
DA:88,10
DA:89,10
DA:90,10
DA:91,10
DA:94,9
DA:95,9
DA:96,9
DA:97,9
DA:98,9
DA:99,9
DA:100,9
DA:101,9
DA:102,9
DA:103,9
DA:104,9
DA:105,9
DA:106,9
DA:107,9
DA:108,9
DA:109,9
DA:110,9
DA:112,8
DA:113,8
DA:116,13
DA:117,13
DA:118,13
DA:119,13
DA:120,13
DA:121,13
DA:122,13
DA:123,13
DA:124,13
DA:125,13
DA:127,13
DA:128,13
DA:131,1
DA:132,1
DA:133,1
DA:134,1
DA:135,1
DA:136,1
DA:137,1
DA:138,1
DA:139,1
DA:140,1
DA:142,1
DA:143,1
DA:146,1
DA:147,1
DA:148,1
DA:149,1
DA:150,1
DA:151,1
DA:152,1
DA:153,1
DA:154,1
DA:155,1
DA:156,1
DA:157,1
DA:158,1
DA:159,1
DA:160,1
DA:161,1
DA:164,1
DA:165,1
DA:166,1
DA:167,1
DA:168,1
DA:169,1
DA:170,1
DA:171,1
DA:172,1
DA:173,1
DA:174,1
DA:175,1
DA:176,1
DA:177,1
DA:178,1
DA:179,1
DA:180,1
DA:181,1
DA:184,1
DA:185,1
DA:186,1
DA:187,1
DA:188,1
DA:189,1
DA:190,1
DA:191,1
DA:192,1
DA:193,1
DA:194,1
DA:195,1
DA:196,1
DA:198,1
DA:199,1
DA:202,5
DA:203,5
DA:204,5
DA:207,6
DA:208,6
DA:209,6
DA:210,6
DA:211,6
DA:212,6
DA:213,6
DA:214,6
DA:215,6
DA:218,1
DA:219,1
DA:220,1
DA:221,1
DA:222,1
DA:223,1
DA:224,1
DA:225,1
DA:226,1
DA:227,1
DA:228,1
DA:229,1
DA:230,1
DA:231,1
DA:232,1
DA:233,1
LF:174
LH:174
BRDA:27,0,0,4
BRDA:32,1,0,4
BRDA:42,2,0,22
BRDA:47,3,0,4
BRDA:52,4,0,21
BRDA:54,5,0,20
BRDA:54,6,0,1
BRDA:56,7,0,1
BRDA:57,8,0,0
BRDA:63,9,0,20
BRDA:65,10,0,2
BRDA:65,11,0,1
BRDA:67,12,0,0
BRDA:72,13,0,19
BRDA:78,14,0,13
BRDA:84,15,0,10
BRDA:94,16,0,9
BRDA:104,17,0,1
BRDA:104,18,0,8
BRDA:110,19,0,8
BRDA:116,20,0,13
BRDA:131,21,0,1
BRDA:146,22,0,1
BRDA:164,23,0,1
BRDA:184,24,0,1
BRDA:202,25,0,5
BRDA:207,26,0,6
BRDA:218,27,0,1
BRF:28
BRH:26
end_of_record
TN:
SF:src/auth.ts
FN:21,resolveTokenPath
FN:26,log
FN:31,saveCredentials
FN:39,isCredentials
FN:54,printQrInstructions
FN:60,loadCredentials
FN:81,clearCredentials
FN:86,login
FNF:8
FNH:8
FNDA:10,resolveTokenPath
FNDA:8,log
FNDA:2,saveCredentials
FNDA:4,isCredentials
FNDA:4,printQrInstructions
FNDA:6,loadCredentials
FNDA:2,clearCredentials
FNDA:4,login
DA:1,1
DA:14,1
DA:16,1
DA:18,1
DA:21,10
DA:22,10
DA:23,10
DA:26,8
DA:27,8
DA:28,8
DA:31,2
DA:32,2
DA:33,2
DA:34,2
DA:35,2
DA:36,2
DA:39,4
DA:40,4
DA:41,0
DA:42,0
DA:44,4
DA:45,4
DA:46,4
DA:47,4
DA:48,3
DA:49,3
DA:51,4
DA:54,4
DA:55,4
DA:56,4
DA:57,4
DA:60,6
DA:61,6
DA:63,6
DA:64,6
DA:65,4
DA:67,6
DA:68,1
DA:69,1
DA:71,3
DA:72,3
DA:73,3
DA:74,1
DA:75,1
DA:76,2
DA:77,2
DA:78,6
DA:81,2
DA:82,2
DA:83,2
DA:86,4
DA:87,4
DA:90,4
DA:91,1
DA:92,1
DA:93,1
DA:94,1
DA:95,1
DA:98,4
DA:99,4
DA:100,4
DA:102,4
DA:105,4
DA:106,5
DA:108,5
DA:109,5
DA:110,0
DA:111,5
DA:112,3
DA:113,5
DA:114,1
DA:115,1
DA:116,5
DA:117,5
DA:119,5
DA:120,3
DA:121,1
DA:122,1
DA:124,2
DA:125,2
DA:126,3
DA:127,3
DA:128,3
DA:129,3
DA:131,3
DA:132,2
DA:133,2
DA:135,5
DA:136,1
DA:137,1
DA:139,1
DA:140,1
DA:141,4
DA:142,4
LF:94
LH:91
BRDA:21,0,0,10
BRDA:22,1,0,5
BRDA:26,2,0,8
BRDA:31,3,0,2
BRDA:39,4,0,4
BRDA:40,5,0,0
BRDA:47,6,0,3
BRDA:48,7,0,3
BRDA:54,8,0,4
BRDA:60,9,0,6
BRDA:64,10,0,4
BRDA:67,11,0,1
BRDA:69,12,0,3
BRDA:73,13,0,1
BRDA:75,14,0,2
BRDA:81,15,0,2
BRDA:86,16,0,4
BRDA:87,17,0,0
BRDA:90,18,0,1
BRDA:95,19,0,3
BRDA:105,20,0,5
BRDA:109,21,0,0
BRDA:111,22,0,3
BRDA:113,23,0,2
BRDA:113,24,0,1
BRDA:119,25,0,3
BRDA:120,26,0,2
BRDA:120,27,0,2
BRDA:120,28,0,1
BRDA:122,29,0,2
BRDA:126,30,0,1
BRDA:131,31,0,2
BRDA:133,32,0,2
BRDA:135,33,0,1
BRF:34
BRH:31
end_of_record
TN:
SF:src/client.ts
FN:21,<instance_members_initializer>
FN:33,WeixinBot
FN:39,login
FN:59,onMessage
FN:64,on
FN:71,reply
FN:77,sendTyping
FN:93,stopTyping
FN:104,send
FN:113,run
FN:129,stop
FN:134,runLoop
FN:196,ensureCredentials
FN:211,sendText
FN:222,dispatchMessage
FN:235,rememberContext
FN:242,toIncomingMessage
FN:257,reportError
FN:262,log
FN:267,detectType
FN:284,extractText
FN:307,chunkText
FN:318,isAbortError
FN:322,isSessionExpired
FNF:24
FNH:13
FNDA:19,<instance_members_initializer>
FNDA:19,WeixinBot
FNDA:10,login
FNDA:2,onMessage
FNDA:2,on
FNDA:6,reply
FNDA:3,sendTyping
FNDA:7,stopTyping
FNDA:2,send
FNDA:0,run
FNDA:0,stop
FNDA:0,runLoop
FNDA:15,ensureCredentials
FNDA:7,sendText
FNDA:0,dispatchMessage
FNDA:0,rememberContext
FNDA:0,toIncomingMessage
FNDA:0,reportError
FNDA:10,log
FNDA:0,detectType
FNDA:0,extractText
FNDA:6,chunkText
FNDA:0,isAbortError
FNDA:0,isSessionExpired
DA:1,1
DA:21,1
DA:22,19
DA:23,19
DA:24,19
DA:25,19
DA:26,19
DA:27,19
DA:28,19
DA:29,19
DA:30,19
DA:31,19
DA:33,19
DA:34,19
DA:35,19
DA:36,19
DA:37,19
DA:39,19
DA:40,10
DA:41,10
DA:42,10
DA:43,10
DA:44,10
DA:45,10
DA:47,9
DA:48,9
DA:50,10
DA:51,1
DA:52,1
DA:53,1
DA:55,9
DA:56,9
DA:57,10
DA:59,19
DA:60,2
DA:61,2
DA:62,2
DA:64,19
DA:65,2
DA:66,1
DA:67,1
DA:68,1
DA:69,2
DA:71,19
DA:72,6
DA:73,6
DA:74,5
DA:75,6
DA:77,19
DA:78,3
DA:79,3
DA:80,1
DA:81,1
DA:83,2
DA:84,2
DA:85,3
DA:86,1
DA:87,1
DA:88,1
DA:90,1
DA:91,3
DA:93,19
DA:94,7
DA:95,7
DA:97,6
DA:98,6
DA:99,6
DA:101,4
DA:102,7
DA:104,19
DA:105,2
DA:106,2
DA:107,1
DA:108,1
DA:110,1
DA:111,2
DA:113,19
DA:114,0
DA:115,0
DA:116,0
DA:118,0
DA:119,0
DA:121,0
DA:122,0
DA:123,0
DA:124,0
DA:125,0
DA:126,0
DA:127,0
DA:129,19
DA:130,0
DA:131,0
DA:132,0
DA:134,19
DA:135,0
DA:136,0
DA:137,0
DA:139,0
DA:140,0
DA:141,0
DA:142,0
DA:143,0
DA:144,0
DA:145,0
DA:146,0
DA:147,0
DA:148,0
DA:150,0
DA:151,0
DA:152,0
DA:154,0
DA:155,0
DA:156,0
DA:157,0
DA:158,0
DA:159,0
DA:161,0
DA:162,0
DA:163,0
DA:164,0
DA:166,0
DA:167,0
DA:168,0
DA:170,0
DA:171,0
DA:172,0
DA:173,0
DA:174,0
DA:176,0
DA:177,0
DA:178,0
DA:179,0
DA:180,0
DA:181,0
DA:182,0
DA:183,0
DA:184,0
DA:185,0
DA:186,0
DA:188,0
DA:189,0
DA:190,0
DA:191,0
DA:193,0
DA:194,0
DA:196,19
DA:197,15
DA:198,14
DA:199,14
DA:201,1
DA:202,15
DA:203,0
DA:204,0
DA:205,0
DA:206,0
DA:208,1
DA:209,15
DA:211,19
DA:212,7
DA:213,0
DA:214,0
DA:216,7
DA:217,6
DA:218,6
DA:219,6
DA:220,7
DA:222,19
DA:223,0
DA:224,0
DA:225,0
DA:227,0
DA:228,0
DA:229,0
DA:230,0
DA:231,0
DA:232,0
DA:233,0
DA:235,19
DA:236,0
DA:237,0
DA:238,0
DA:239,0
DA:240,0
DA:242,19
DA:243,0
DA:244,0
DA:245,0
DA:247,0
DA:248,0
DA:249,0
DA:250,0
DA:251,0
DA:252,0
DA:253,0
DA:254,0
DA:255,0
DA:257,19
DA:258,0
DA:259,0
DA:260,0
DA:262,19
DA:263,10
DA:264,10
DA:265,19
DA:267,0
DA:268,0
DA:270,0
DA:271,0
DA:272,0
DA:273,0
DA:274,0
DA:275,0
DA:276,0
DA:277,0
DA:278,0
DA:279,0
DA:280,0
DA:281,0
DA:282,0
DA:284,0
DA:285,0
DA:286,0
DA:287,0
DA:288,0
DA:289,0
DA:290,0
DA:291,0
DA:292,0
DA:293,0
DA:294,0
DA:295,0
DA:296,0
DA:297,0
DA:298,0
DA:299,0
DA:300,0
DA:301,0
DA:302,0
DA:304,0
DA:305,0
DA:307,6
DA:308,6
DA:309,6
DA:311,6
DA:312,6
DA:313,6
DA:315,6
DA:316,6
DA:318,0
DA:319,0
DA:320,0
DA:322,0
DA:323,0
DA:324,0
LF:254
LH:110
BRDA:21,0,0,19
BRDA:33,1,0,19
BRDA:34,2,0,18
BRDA:39,3,0,10
BRDA:40,4,0,1
BRDA:45,5,0,9
BRDA:50,6,0,1
BRDA:50,7,0,1
BRDA:53,8,0,9
BRDA:59,9,0,2
BRDA:64,10,0,2
BRDA:65,11,0,1
BRDA:71,12,0,6
BRDA:73,13,0,5
BRDA:74,14,0,1
BRDA:77,15,0,3
BRDA:79,16,0,1
BRDA:81,17,0,2
BRDA:85,18,0,1
BRDA:93,19,0,7
BRDA:95,20,0,1
BRDA:95,21,0,6
BRDA:99,22,0,1
BRDA:99,23,0,4
BRDA:104,24,0,2
BRDA:106,25,0,1
BRDA:196,26,0,15
BRDA:197,27,0,14
BRDA:199,28,0,1
BRDA:202,29,0,0
BRDA:206,30,0,1
BRDA:211,31,0,7
BRDA:212,32,0,0
BRDA:216,33,0,6
BRDA:262,34,0,10
BRDA:307,35,0,6
BRDA:315,36,0,0
BRF:37
BRH:34
end_of_record
TN:
SF:src/types.ts
FNF:0
FNH:0
DA:12,1
DA:14,1
DA:16,1
DA:20,1
DA:22,1
DA:24,1
DA:26,1
DA:30,1
DA:32,1
DA:34,1
DA:36,1
DA:38,1
DA:40,1
LF:13
LH:13
BRDA:12,0,0,4
BRDA:20,1,0,4
BRDA:30,2,0,4
BRF:3
BRH:3
end_of_record
